{
  "RSpec": {
    "coverage": {
      "/home/lucy/Projects/callacon/app/helpers/application_helper.rb": {
        "lines": [
          1,
          null
        ]
      },
      "/home/lucy/Projects/callacon/app/helpers/sessions_helper.rb": {
        "lines": [
          1,
          null
        ]
      },
      "/home/lucy/Projects/callacon/app/helpers/users_helper.rb": {
        "lines": [
          1,
          null
        ]
      },
      "/home/lucy/Projects/callacon/app/controllers/users_controller.rb": {
        "lines": [
          1,
          1,
          5,
          null,
          null,
          1,
          4,
          null,
          4,
          1,
          1,
          null,
          3,
          null,
          null,
          null,
          1,
          null,
          1,
          4,
          null,
          null,
          null,
          null,
          null,
          null,
          null,
          null,
          null
        ]
      },
      "/home/lucy/Projects/callacon/app/controllers/application_controller.rb": {
        "lines": [
          1,
          1,
          null,
          1,
          null,
          1,
          9,
          null,
          null
        ]
      },
      "/home/lucy/Projects/callacon/app/models/user.rb": {
        "lines": [
          1,
          1,
          1,
          1,
          null,
          1,
          6,
          6,
          null,
          null
        ]
      },
      "/home/lucy/Projects/callacon/app/models/application_record.rb": {
        "lines": [
          1,
          1,
          null
        ]
      },
      "/home/lucy/Projects/callacon/app/controllers/sessions_controller.rb": {
        "lines": [
          1,
          1,
          null,
          null,
          1,
          0,
          null,
          0,
          0,
          0,
          0,
          null,
          0,
          0,
          null,
          null,
          null,
          1,
          0,
          0,
          0,
          null,
          null
        ]
      },
      "/home/lucy/Projects/callacon/app/jobs/application_job.rb": {
        "lines": [
          0,
          0
        ],
        "branches": {
        }
      },
      "/home/lucy/Projects/callacon/app/mailers/application_mailer.rb": {
        "lines": [
          0,
          0,
          0,
          0
        ],
        "branches": {
        }
      },
      "/home/lucy/Projects/callacon/app/channels/application_cable/connection.rb": {
        "lines": [
          0,
          0,
          0,
          0
        ],
        "branches": {
        }
      },
      "/home/lucy/Projects/callacon/app/channels/application_cable/channel.rb": {
        "lines": [
          0,
          0,
          0,
          0
        ],
        "branches": {
        }
      }
    },
    "timestamp": 1635932074
  }
}
