{
  "RSpec": {
    "coverage": {
      "/home/lucy/Projects/callacon/app/models/booking.rb": {
        "lines": [
          1,
          null,
          1,
          1,
          null,
          1,
          5,
          5,
          null,
          null
        ]
      },
      "/home/lucy/Projects/callacon/lib/cost_calculator.rb": {
        "lines": [
          null,
          null,
          1,
          null,
          1,
          5,
          null,
          null,
          1,
          5,
          5,
          null,
          null,
          0,
          null,
          null,
          5,
          null,
          null,
          1,
          null,
          1,
          5,
          null,
          null,
          1,
          5,
          null,
          null,
          1,
          5,
          null,
          null,
          1,
          null,
          5,
          0,
          null,
          5,
          null,
          null,
          null
        ]
      },
      "/home/lucy/Projects/callacon/app/models/application_record.rb": {
        "lines": [
          1,
          1,
          null
        ]
      },
      "/home/lucy/Projects/callacon/app/models/game.rb": {
        "lines": [
          1,
          1,
          null
        ]
      },
      "/home/lucy/Projects/callacon/app/models/user.rb": {
        "lines": [
          1,
          1,
          1,
          1,
          1,
          1,
          null,
          1,
          14,
          14,
          null,
          null
        ]
      },
      "/home/lucy/Projects/callacon/app/helpers/application_helper.rb": {
        "lines": [
          1,
          null
        ]
      },
      "/home/lucy/Projects/callacon/app/helpers/bookings_helper.rb": {
        "lines": [
          1,
          null
        ]
      },
      "/home/lucy/Projects/callacon/app/helpers/games_helper.rb": {
        "lines": [
          1,
          null
        ]
      },
      "/home/lucy/Projects/callacon/app/helpers/sessions_helper.rb": {
        "lines": [
          1,
          null
        ]
      },
      "/home/lucy/Projects/callacon/app/helpers/users_helper.rb": {
        "lines": [
          1,
          null
        ]
      },
      "/home/lucy/Projects/callacon/app/controllers/bookings_controller.rb": {
        "lines": [
          1,
          1,
          null,
          1,
          5,
          null,
          null,
          1,
          null,
          null,
          1,
          3,
          null,
          null,
          1,
          2,
          null,
          null,
          null,
          null,
          null,
          null,
          2,
          2,
          null,
          0,
          null,
          null,
          null,
          1,
          null,
          null,
          1,
          1,
          1,
          null,
          0,
          null,
          null,
          null,
          1,
          0,
          0,
          null,
          null,
          1,
          null,
          1,
          4,
          null,
          null,
          1,
          1,
          null,
          null
        ]
      },
      "/home/lucy/Projects/callacon/app/controllers/application_controller.rb": {
        "lines": [
          1,
          1,
          null,
          1,
          null,
          1,
          42,
          null,
          null
        ]
      },
      "/home/lucy/Projects/callacon/app/controllers/games_controller.rb": {
        "lines": [
          1,
          1,
          null,
          1,
          1,
          null,
          null,
          1,
          null,
          null,
          1,
          1,
          null,
          null,
          1,
          0,
          null,
          null,
          null,
          null,
          null,
          null,
          null,
          null,
          null,
          0,
          0,
          null,
          0,
          null,
          null,
          null,
          1,
          null,
          null,
          1,
          0,
          0,
          null,
          0,
          null,
          null,
          null,
          1,
          0,
          0,
          null,
          null,
          1,
          null,
          1,
          0,
          null,
          null,
          1,
          0,
          null,
          null,
          null,
          null
        ]
      },
      "/home/lucy/Projects/callacon/app/controllers/users_controller.rb": {
        "lines": [
          1,
          1,
          5,
          null,
          null,
          1,
          4,
          null,
          4,
          1,
          1,
          null,
          3,
          null,
          null,
          null,
          1,
          null,
          1,
          4,
          null,
          null,
          null,
          null,
          null,
          null,
          null,
          null,
          null
        ]
      },
      "/home/lucy/Projects/callacon/app/controllers/sessions_controller.rb": {
        "lines": [
          1,
          1,
          null,
          null,
          1,
          6,
          null,
          6,
          4,
          4,
          4,
          null,
          2,
          2,
          null,
          null,
          null,
          1,
          1,
          1,
          1,
          null,
          null
        ]
      },
      "/home/lucy/Projects/callacon/app/controllers/dashboard_controller.rb": {
        "lines": [
          1,
          1,
          4,
          4,
          null,
          null
        ]
      },
      "/home/lucy/Projects/callacon/app/jobs/application_job.rb": {
        "lines": [
          0,
          0
        ],
        "branches": {
        }
      },
      "/home/lucy/Projects/callacon/app/mailers/application_mailer.rb": {
        "lines": [
          0,
          0,
          0,
          0
        ],
        "branches": {
        }
      },
      "/home/lucy/Projects/callacon/app/channels/application_cable/connection.rb": {
        "lines": [
          0,
          0,
          0,
          0
        ],
        "branches": {
        }
      },
      "/home/lucy/Projects/callacon/app/channels/application_cable/channel.rb": {
        "lines": [
          0,
          0,
          0,
          0
        ],
        "branches": {
        }
      }
    },
    "timestamp": 1645376413
  }
}
